<?xml version="1.0" encoding="UTF-8"?>
<!-- Generated by org.testng.reporters.JUnitXMLReporter -->
<testsuite hostname="DESKTOP-E01D2FU" ignored="4" name="Test" tests="6" failures="1" timestamp="29 Jan 2021 04:25:37 GMT" time="42.488" errors="0">
  <testcase name="invalidlogin" time="2.217" classname="com.automation.Test.LoginTest"/>
  <testcase name="validlogin" time="7.531" classname="com.automation.Test.LoginTest"/>
  <testcase name="adminclick" time="8.381" classname="com.automation.Test.DashboardTest"/>
  <testcase name="selectuserrole" time="0.124" classname="com.automation.Test.USermgmtTest">
    <failure type="org.openqa.selenium.NoSuchElementException" message="no such element: Unable to locate element: {&amp;quot;method&amp;quot;:&amp;quot;css selector&amp;quot;,&amp;quot;selector&amp;quot;:&amp;quot;#systemUser_userType&amp;quot;}
  (Session info: chrome=88.0.4324.104)
For documentation on this error, please visit: http://seleniumhq.org/exceptions/no_such_element.html
Build info: version: &amp;apos;3.6.0&amp;apos;, revision: &amp;apos;6fbf3ec767&amp;apos;, time: &amp;apos;2017-09-27T15:28:36.4Z&amp;apos;
System info: host: &amp;apos;DESKTOP-E01D2FU&amp;apos;, ip: &amp;apos;192.168.43.205&amp;apos;, os.name: &amp;apos;Windows 10&amp;apos;, os.arch: &amp;apos;amd64&amp;apos;, os.version: &amp;apos;10.0&amp;apos;, java.version: &amp;apos;1.8.0_221&amp;apos;
Driver info: org.openqa.selenium.chrome.ChromeDriver
Capabilities [{networkConnectionEnabled=false, chrome={chromedriverVersion=88.0.4324.96 (68dba2d8a0b149a1d3afac56fa74648032bcf46b-refs/branch-heads/4324@{#1784}), userDataDir=C:\Users\Sanket\AppData\Local\Temp\scoped_dir15112_1656495174}, timeouts={implicit=0, pageLoad=300000, script=30000}, pageLoadStrategy=normal, unhandledPromptBehavior=dismiss and notify, strictFileInteractability=false, platform=WINDOWS, proxy=Proxy(), goog:chromeOptions={debuggerAddress=localhost:51205}, acceptInsecureCerts=false, browserVersion=88.0.4324.104, browserName=chrome, javascriptEnabled=true, platformName=WINDOWS, setWindowRect=true, webauthn:extension:largeBlob=true, webauthn:virtualAuthenticators=true}]
Session ID: 2766695d7d1b5fd3d0e5be3485e9a2ed
*** Element info: {Using=id, value=systemUser_userType}">
      <![CDATA[org.openqa.selenium.NoSuchElementException: no such element: Unable to locate element: {"method":"css selector","selector":"#systemUser_userType"}
  (Session info: chrome=88.0.4324.104)
For documentation on this error, please visit: http://seleniumhq.org/exceptions/no_such_element.html
Build info: version: '3.6.0', revision: '6fbf3ec767', time: '2017-09-27T15:28:36.4Z'
System info: host: 'DESKTOP-E01D2FU', ip: '192.168.43.205', os.name: 'Windows 10', os.arch: 'amd64', os.version: '10.0', java.version: '1.8.0_221'
Driver info: org.openqa.selenium.chrome.ChromeDriver
Capabilities [{networkConnectionEnabled=false, chrome={chromedriverVersion=88.0.4324.96 (68dba2d8a0b149a1d3afac56fa74648032bcf46b-refs/branch-heads/4324@{#1784}), userDataDir=C:\Users\Sanket\AppData\Local\Temp\scoped_dir15112_1656495174}, timeouts={implicit=0, pageLoad=300000, script=30000}, pageLoadStrategy=normal, unhandledPromptBehavior=dismiss and notify, strictFileInteractability=false, platform=WINDOWS, proxy=Proxy(), goog:chromeOptions={debuggerAddress=localhost:51205}, acceptInsecureCerts=false, browserVersion=88.0.4324.104, browserName=chrome, javascriptEnabled=true, platformName=WINDOWS, setWindowRect=true, webauthn:extension:largeBlob=true, webauthn:virtualAuthenticators=true}]
Session ID: 2766695d7d1b5fd3d0e5be3485e9a2ed
*** Element info: {Using=id, value=systemUser_userType}
	at org.openqa.selenium.remote.http.W3CHttpResponseCodec.createException(W3CHttpResponseCodec.java:185)
	at org.openqa.selenium.remote.http.W3CHttpResponseCodec.decode(W3CHttpResponseCodec.java:120)
	at org.openqa.selenium.remote.http.W3CHttpResponseCodec.decode(W3CHttpResponseCodec.java:49)
	at org.openqa.selenium.remote.HttpCommandExecutor.execute(HttpCommandExecutor.java:164)
	at org.openqa.selenium.remote.service.DriverCommandExecutor.execute(DriverCommandExecutor.java:83)
	at org.openqa.selenium.remote.RemoteWebDriver.execute(RemoteWebDriver.java:586)
	at org.openqa.selenium.remote.RemoteWebDriver.findElement(RemoteWebDriver.java:356)
	at org.openqa.selenium.remote.RemoteWebDriver.findElementById(RemoteWebDriver.java:402)
	at org.openqa.selenium.By$ById.findElement(By.java:218)
	at org.openqa.selenium.remote.RemoteWebDriver.findElement(RemoteWebDriver.java:348)
	at org.openqa.selenium.support.pagefactory.DefaultElementLocator.findElement(DefaultElementLocator.java:69)
	at org.openqa.selenium.support.pagefactory.internal.LocatingElementHandler.invoke(LocatingElementHandler.java:38)
	at com.sun.proxy.$Proxy9.getTagName(Unknown Source)
	at org.openqa.selenium.support.ui.Select.<init>(Select.java:44)
	at AutomationProject.automation.UsermgmtClass.selectuserrole(UsermgmtClass.java:24)
	at com.automation.Test.USermgmtTest.selectuserrole(USermgmtTest.java:26)
... Removed 29 stack frames]]>
    </failure>
  </testcase> <!-- selectuserrole -->
  <testcase name="useradd" time="6.968" classname="com.automation.Test.USermgmtTest"/>
  <testcase name="usermtmtclick" time="0.187" classname="com.automation.Test.USermgmtTest"/>
  <testcase name="@BeforeTest initializedriver" time="0.0" classname="AutomationProject.automation.AppConstant">
    <ignored/>
  </testcase> <!-- @BeforeTest initializedriver -->
  <testcase name="@BeforeTest initializedriver" time="0.0" classname="AutomationProject.automation.AppConstant">
    <ignored/>
  </testcase> <!-- @BeforeTest initializedriver -->
  <testcase name="@AfterSuite closedriver" time="0.0" classname="AutomationProject.automation.AppConstant">
    <ignored/>
  </testcase> <!-- @AfterSuite closedriver -->
  <testcase name="@AfterSuite closedriver" time="0.0" classname="AutomationProject.automation.AppConstant">
    <ignored/>
  </testcase> <!-- @AfterSuite closedriver -->
</testsuite> <!-- Test -->
